Sep 10, 2020 1:53:42 PM Init.TMSLogger info
INFO: UpdateCSV.class >>> Appending word at first...

Sep 10, 2020 1:53:42 PM Init.TMSLogger info
INFO: UpdateCSV.class >>> Appending word at first completed...

Sep 10, 2020 1:53:42 PM Init.TMSLogger info
INFO: UpdateCSV.class >>> Filtering product names...

Sep 10, 2020 1:53:52 PM Init.TMSLogger info
INFO: UpdateCSV.class >>> Filtering product names completed...

Sep 10, 2020 1:55:34 PM Init.TMSLogger info
INFO: UpdateCSV.class >>> Moving file to destination path...

Sep 10, 2020 1:55:34 PM Init.TMSLogger info
INFO: UpdateCSV.class >>> Updating file name...

Sep 10, 2020 1:55:34 PM Init.TMSLogger info
INFO: UpdateCSV.class >>> Updating file name completed...

Sep 10, 2020 1:55:34 PM Init.TMSLogger info
INFO: UpdateCSV.class >>> Updating file name...

Sep 10, 2020 1:55:34 PM Init.TMSLogger info
INFO: UpdateCSV.class >>> Updating file name completed...

Sep 10, 2020 1:55:34 PM Init.TMSLogger info
INFO: UpdateCSV.class >>> Found duplicate file...

Sep 10, 2020 1:55:34 PM Init.TMSLogger info
INFO: UpdateCSV.class >>> Updating file name...

Sep 10, 2020 1:55:34 PM Init.TMSLogger info
INFO: UpdateCSV.class >>> Updating file name completed...

Sep 10, 2020 1:55:34 PM Init.TMSLogger info
INFO: UpdateCSV.class >>> Updating file name...

Sep 10, 2020 1:55:34 PM Init.TMSLogger info
INFO: UpdateCSV.class >>> Updating file name completed...

Sep 10, 2020 1:55:34 PM Init.TMSLogger info
INFO: UpdateCSV.class >>> Moving file to destination path completed...

Sep 10, 2020 1:55:34 PM Init.TMSLogger info
INFO: UpdateCSV.class >>> Appending word at first...

Sep 10, 2020 1:55:34 PM Init.TMSLogger info
INFO: UpdateCSV.class >>> Appending word at first completed...

Sep 10, 2020 1:55:34 PM Init.TMSLogger info
INFO: UpdateCSV.class >>> Filtering product names...

Sep 10, 2020 1:55:44 PM Init.TMSLogger info
INFO: UpdateCSV.class >>> Filtering product names completed...

Sep 10, 2020 1:57:17 PM Init.TMSLogger info
INFO: UpdateCSV.class >>> Moving file to destination path...

Sep 10, 2020 1:57:17 PM Init.TMSLogger info
INFO: UpdateCSV.class >>> Updating file name...

Sep 10, 2020 1:57:17 PM Init.TMSLogger info
INFO: UpdateCSV.class >>> Updating file name completed...

Sep 10, 2020 1:57:17 PM Init.TMSLogger info
INFO: UpdateCSV.class >>> Updating file name...

Sep 10, 2020 1:57:17 PM Init.TMSLogger info
INFO: UpdateCSV.class >>> Updating file name completed...

Sep 10, 2020 1:57:17 PM Init.TMSLogger info
INFO: UpdateCSV.class >>> Found duplicate file...

Sep 10, 2020 1:57:17 PM Init.TMSLogger info
INFO: UpdateCSV.class >>> Updating file name...

Sep 10, 2020 1:57:17 PM Init.TMSLogger info
INFO: UpdateCSV.class >>> Updating file name completed...

Sep 10, 2020 1:57:17 PM Init.TMSLogger info
INFO: UpdateCSV.class >>> Updating file name...

Sep 10, 2020 1:57:17 PM Init.TMSLogger info
INFO: UpdateCSV.class >>> Updating file name completed...

Sep 10, 2020 1:57:17 PM Init.TMSLogger info
INFO: UpdateCSV.class >>> Moving file to destination path completed...

Sep 10, 2020 1:57:17 PM Init.TMSLogger info
INFO: UpdateCSV.class >>> Import operation completed....

